INFO: 
usage: label_image <flags>
Flags:
	--num_threads=-1                     	int32	optional	number of threads used for inference on CPU.
	--max_delegated_partitions=0         	int32	optional	Max number of partitions to be delegated.
	--min_nodes_per_partition=0          	int32	optional	The minimal number of TFLite graph nodes of a partition that has to be reached for it to be delegated.A negative value or 0 means to use the default choice of each delegate.
	--first_delegate_node_index=0        	int32	optional	The index of the first node that could be delegated. Used only when TFLITE_DEBUG_DELEGATE is defined. Default is 0.
	--last_delegate_node_index=2147483647	int32	optional	The index of the last node that could be delegated. Used only when TFLITE_DEBUG_DELEGATE is defined. Default is INT_MAX.
	--delegate_serialize_dir=            	string	optional	Directory to be used by delegates for serializing any model data. This allows the delegate to save data into this directory to reduce init time after the first run. Currently supported by NNAPI delegate with specific backends on Android. Note that delegate_serialize_token is also required to enable this feature.
	--delegate_serialize_token=          	string	optional	Model-specific token acting as a namespace for delegate serialization. Unique tokens ensure that the delegate doesn't read inapplicable/invalid data. Note that delegate_serialize_dir is also required to enable this feature.
	--use_xnnpack=false                  	bool	optional	explicitly apply the XNNPACK delegate. Note the XNNPACK delegate could be implicitly applied by the TF Lite runtime regardless the value of this parameter. To disable this implicit application, set the value to false explicitly.
	--accelerated, -a: [0|1] use Android NNAPI or not
	--allow_fp16, -f: [0|1], allow running fp32 models with fp16 or not
	--count, -c: loop interpreter->Invoke() for certain times
	--gl_backend, -g: [0|1]: use GL GPU Delegate on Android
	--hexagon_delegate, -j: [0|1]: use Hexagon Delegate on Android
	--input_mean, -b: input mean
	--input_std, -s: input standard deviation
	--image, -i: image_name.bmp
	--labels, -l: labels for the model
	--tflite_model, -m: model_name.tflite
	--profiling, -p: [0|1], profiling or not
	--num_results, -r: number of results to show
	--threads, -t: number of threads
	--verbose, -v: [0|1] print more information
	--warmup_runs, -w: number of warmup runs
	--xnnpack_delegate, -x [0:1]: xnnpack delegate
	--help, -h: Print this help message

